<?xml version="1.0" encoding="UTF-8"?>
<testng-results ignored="0" total="1" passed="1" failed="0" skipped="0">
  <reporter-output>
  </reporter-output>
  <suite started-at="2024-09-02T19:55:07 IST" name="Default suite" finished-at="2024-09-02T19:59:11 IST" duration-ms="243756">
    <groups>
    </groups>
    <test started-at="2024-09-02T19:55:07 IST" name="Default test" finished-at="2024-09-02T19:59:11 IST" duration-ms="243756">
      <class name="TestSuite.Android">
        <test-method is-config="true" signature="setUp()[pri:0, instance:TestSuite.Android@25641d39]" started-at="2024-09-02T19:55:07 IST" name="setUp" finished-at="2024-09-02T19:55:55 IST" duration-ms="47208" status="PASS">
          <reporter-output>
          </reporter-output>
        </test-method> <!-- setUp -->
        <test-method signature="sanityrideFlow()[pri:0, instance:TestSuite.Android@25641d39]" started-at="2024-09-02T19:55:55 IST" name="sanityrideFlow" finished-at="2024-09-02T19:59:10 IST" duration-ms="195477" status="PASS">
          <reporter-output>
          </reporter-output>
        </test-method> <!-- sanityrideFlow -->
        <test-method is-config="true" signature="tearDown()[pri:0, instance:TestSuite.Android@25641d39]" started-at="2024-09-02T19:59:10 IST" name="tearDown" finished-at="2024-09-02T19:59:11 IST" duration-ms="1047" status="PASS">
          <reporter-output>
          </reporter-output>
        </test-method> <!-- tearDown -->
      </class> <!-- TestSuite.Android -->
    </test> <!-- Default test -->
  </suite> <!-- Default suite -->
</testng-results>
